Found 855 institutions with generic/partial READMEs

Enriching 835 institutions (of 855 total, offset 20)
Agent CLI batch size: 10
LIVE — agent CLI will be invoked
============================================================

  Batch 1/84: aquila, archvistaconsults, arfracompanyltd...
    ✓ 10 institutions enriched

  Batch 2/84: astatine, atma, auditaxinternational...
    ✓ 10 institutions enriched

  Batch 3/84: babatitc, bagamoyo, bahidc...
    ✓ 10 institutions enriched

  Batch 4/84: basf, bcdtravel, beach...
    ✓ 10 institutions enriched

  Batch 5/84: bluestone, bluesystems, bmz...
    ✓ 10 institutions enriched

  Batch 6/84: brightvision, broadsecurity, buchosadc...
    ✓ 10 institutions enriched

  Batch 7/84: buni, busbora, busegadc...
    ✓ 10 institutions enriched

  Batch 8/84: cdbbank, ceelstz, cgcla...
    ✓ 10 institutions enriched

  Batch 9/84: cits, cityengineering, clc...
    ✓ 10 institutions enriched

  Batch 10/84: costbenchmark, counsenuth, coyeta...
    ✓ 10 institutions enriched

  Batch 11/84: creditinfo, crowntech, crystal...
    ✓ 10 institutions enriched

  Batch 12/84: dailynews, dar-express, daracademic...
    ✓ 10 institutions enriched

  Batch 13/84: dawasa, dcbrilliant, dcc...
    ✓ 10 institutions enriched

  Batch 14/84: dit, diversey, divinaattorneys...
    ✓ 10 institutions enriched

  Batch 15/84: dsm, duhosting.tz, durbantz...
    ✓ 10 institutions enriched

  Batch 16/84: ecoafrica, ecohas, ecraftsmen...
    ✓ 10 institutions enriched

  Batch 17/84: electricool, elements, elevatedesignstudio...
    ✓ 10 institutions enriched

  Batch 18/84: equaserveltd, equinor, equiplus...
    ✓ 10 institutions enriched

  Batch 19/84: estates, etdco, ethicssecretariat...
    ✓ 10 institutions enriched

  Batch 20/84: fifaandflowtrading, finandlaw, finca...
    ✓ 10 institutions enriched

  Batch 21/84: furniturehouse, fursa, g-tech...
    ✓ 10 institutions enriched

  Batch 22/84: gemstone.tz, ghems, gisengineering...
    ✓ 10 institutions enriched

  Batch 23/84: greencity, greenhippotravels, greenline...
    ✓ 10 institutions enriched

  Batch 24/84: handenidc, handman, hawa...
    ✓ 10 institutions enriched

  Batch 25/84: howardhumphreys, hpvelectrical, hsh...
    ✓ 10 institutions enriched

  Batch 26/84: idcardsolutions, idealofficesupplies, ifakaratc...
    ✓ 10 institutions enriched

  Batch 27/84: infogear, ingenuityworks, inkworld...
    ✓ 10 institutions enriched

  Batch 28/84: ipa, ipex, irambadc...
    ✓ 10 institutions enriched

  Batch 29/84: jamesherbalclinic, jamii, jandproperties...
    ✓ 10 institutions enriched

  Batch 30/84: jkci, jmc, jollie...
    ✓ 10 institutions enriched

  Batch 31/84: kakakuona, kakonkodc, kalen...
    ✓ 10 institutions enriched

  Batch 32/84: karibu.tz, kasfreight, kaziconnect...
    ✓ 10 institutions enriched

  Batch 33/84: kfinance, kiazikitamu, kibahatc...
    ✓ 10 institutions enriched

  Batch 34/84: kijijibeach, kikabuziattorneys, kikuu...
    ✓ 10 institutions enriched

  Batch 35/84: kinoko, kinondonimc, kist...
    ✓ 10 institutions enriched

  Batch 36/84: kongwadc, korogwedc, kpr...
    ✓ 10 institutions enriched

  Batch 37/84: lareal, latra, lavicato...
    ✓ 10 institutions enriched

  Batch 38/84: linktech, lita, lodhiagroup...
    ✓ 10 institutions enriched

  Batch 39/84: maendeleobank, magudc, mahalisokoni...
    ✓ 10 institutions enriched

  Batch 40/84: mariestopes, marineparks, martialadventure...
    ✓ 10 institutions enriched

  Batch 41/84: mbogomining, mbuludc, mbulutc...
    ✓ 10 institutions enriched

  Batch 42/84: mes-engineering, mfhsti, mfinangacargo...
    ✓ 10 institutions enriched

  Batch 43/84: miliadventure, minja, miragezanzibartours...
    ✓ 10 institutions enriched

  Batch 44/84: mkurabita, mloganzila, mnma...
    ✓ 10 institutions enriched

  Batch 45/84: morakasafaris, morogorodc, moruwasa...
    ✓ 10 institutions enriched

  Batch 46/84: mri, mrimbapalmhotel, msomeni...
    ✓ 10 institutions enriched

  Batch 47/84: mulebadc, mum, musomavijijini...
    ✓ 10 institutions enriched

  Batch 48/84: mwananchiscoop, mwangadc, mwanza...
    ✓ 10 institutions enriched

  Batch 49/84: nacte, nafakakilimo, nanine...
    ✓ 10 institutions enriched

  Batch 50/84: nei-ltd, nfqclab, nfra...
    ✓ 10 institutions enriched

  Batch 51/84: nirc, nisapoti, nishati...
    ✓ 10 institutions enriched

  Batch 52/84: norplan, noticekilimanjaro, notus...
    ✓ 10 institutions enriched

  Batch 53/84: obp-tanzania, ocagz, offradar...
    ✓ 10 institutions enriched

  Batch 54/84: origintrails, orpp, outdoorcatering...
    ✓ 10 institutions enriched

  Batch 55/84: pass, passlease, pbpa...
    ✓ 10 institutions enriched

  Batch 56/84: pmo, policyforum, ports...
    ✓ 10 institutions enriched

  Batch 57/84: prochem, progressgroup, psc...
    ✓ 10 institutions enriched

  Batch 58/84: qif, qualityfurniture, radio5fm...
    ✓ 10 institutions enriched

  Batch 59/84: reveurse, rexattorneys, rhotiahealthcentre...
    ✓ 10 institutions enriched

  Batch 60/84: rolinternational, rsgattorneys, rthosting...
    ✓ 10 institutions enriched

  Batch 61/84: sarclawchambers, saut, savannahplains...
    ✓ 10 institutions enriched

  Batch 62/84: sengeremadc, serengetimigrationtrail, sfconsultancy...
    ✓ 10 institutions enriched

  Batch 63/84: sido, sig, sikapex...
    ✓ 10 institutions enriched

  Batch 64/84: sinetamer, singida, singidadc...
    ✓ 10 institutions enriched

  Batch 65/84: solutionplus, somaconnect, somaexpress...
    ✓ 10 institutions enriched

  Batch 66/84: splashmedia, sprf, sprinters...
    ✓ 10 institutions enriched

  Batch 67/84: stawi, stdominicsavio, stemmuco...
    ✓ 10 institutions enriched

  Batch 68/84: swissport, synaptic, taas-online...
    ✓ 10 institutions enriched

  Batch 69/84: tanescosaccos, tanfoam, tanga...
    ✓ 10 institutions enriched

  Batch 70/84: tanzaniaislamic-centre, tanzanianweb, tanzaniaparks...
    ✓ 10 institutions enriched

  Batch 71/84: tasta, tasuba, tatcnyumbu...
    ✓ 10 institutions enriched

  Batch 72/84: tcaa, tcindustries, tdb...
    ✓ 10 institutions enriched

  Batch 73/84: temekemc, tenders, tenmet...
    ✓ 10 institutions enriched

  Batch 74/84: thinkmate, thps, thrillton...
    ✓ 10 institutions enriched

  Batch 75/84: tmda, tmdpwu, tmjpolyclinic...
    ✓ 10 institutions enriched

  Batch 76/84: totalenergies, tpcsaris, tpha...
    ✓ 10 institutions enriched

  Batch 77/84: tumemadini, tumtours, turkysgroup...
    ✓ 10 institutions enriched

  Batch 78/84: udzungwamountainscollege, uhurumusic, ukerewedc...
    ✓ 10 institutions enriched

  Batch 79/84: uyuidc, vegrab, veta...
    ✓ 10 institutions enriched

  Batch 80/84: wajibu, waso, wazohost...
    ✓ 10 institutions enriched

  Batch 81/84: wildernessexperience, wintender, wma...
    ✓ 10 institutions enriched

  Batch 82/84: zansec, zanzibar-tours, zanzibarassembly...
    ✓ 10 institutions enriched

  Batch 83/84: zfda, zgps, zmbf...
    ✓ 10 institutions enriched

  Batch 84/84: zuku, zura, zvta...
    ✓ 5 institutions enriched

============================================================
Enrichment complete: 835 succeeded, 0 failed
============================================================
